<?xml version="1.0" encoding="UTF-8"?>
<testsuite xmlns:xsi="http://www.w3.org/2001/XMLSchema-instance" xsi:noNamespaceSchemaLocation="https://maven.apache.org/surefire/maven-surefire-plugin/xsd/surefire-test-report.xsd" version="3.0.2" name="com.erp.estetica.EsteticaAutomotivaApplicationTests" time="6.841" tests="1" errors="0" skipped="0" failures="0">
  <properties>
    <property name="java.specification.version" value="21"/>
    <property name="sun.cpu.isalist" value="amd64"/>
    <property name="sun.jnu.encoding" value="Cp1252"/>
    <property name="java.class.path" value="C:\Users\lucas\Desktop\EsteticaProjetoFinal\estetica\target\test-classes;C:\Users\lucas\Desktop\EsteticaProjetoFinal\estetica\target\classes;C:\Users\lucas\.m2\repository\org\springframework\boot\spring-boot-starter-web\3.4.4-SNAPSHOT\spring-boot-starter-web-3.4.4-SNAPSHOT.jar;C:\Users\lucas\.m2\repository\org\springframework\boot\spring-boot-starter-json\3.4.4-SNAPSHOT\spring-boot-starter-json-3.4.4-SNAPSHOT.jar;C:\Users\lucas\.m2\repository\com\fasterxml\jackson\core\jackson-databind\2.18.3\jackson-databind-2.18.3.jar;C:\Users\lucas\.m2\repository\com\fasterxml\jackson\core\jackson-annotations\2.18.3\jackson-annotations-2.18.3.jar;C:\Users\lucas\.m2\repository\com\fasterxml\jackson\core\jackson-core\2.18.3\jackson-core-2.18.3.jar;C:\Users\lucas\.m2\repository\com\fasterxml\jackson\datatype\jackson-datatype-jdk8\2.18.3\jackson-datatype-jdk8-2.18.3.jar;C:\Users\lucas\.m2\repository\com\fasterxml\jackson\datatype\jackson-datatype-jsr310\2.18.3\jackson-datatype-jsr310-2.18.3.jar;C:\Users\lucas\.m2\repository\com\fasterxml\jackson\module\jackson-module-parameter-names\2.18.3\jackson-module-parameter-names-2.18.3.jar;C:\Users\lucas\.m2\repository\org\springframework\boot\spring-boot-starter-tomcat\3.4.4-SNAPSHOT\spring-boot-starter-tomcat-3.4.4-SNAPSHOT.jar;C:\Users\lucas\.m2\repository\org\apache\tomcat\embed\tomcat-embed-core\10.1.36\tomcat-embed-core-10.1.36.jar;C:\Users\lucas\.m2\repository\org\apache\tomcat\embed\tomcat-embed-el\10.1.36\tomcat-embed-el-10.1.36.jar;C:\Users\lucas\.m2\repository\org\apache\tomcat\embed\tomcat-embed-websocket\10.1.36\tomcat-embed-websocket-10.1.36.jar;C:\Users\lucas\.m2\repository\org\springframework\spring-web\6.2.4-SNAPSHOT\spring-web-6.2.4-SNAPSHOT.jar;C:\Users\lucas\.m2\repository\org\springframework\spring-beans\6.2.4-SNAPSHOT\spring-beans-6.2.4-SNAPSHOT.jar;C:\Users\lucas\.m2\repository\io\micrometer\micrometer-observation\1.14.5-SNAPSHOT\micrometer-observation-1.14.5-SNAPSHOT.jar;C:\Users\lucas\.m2\repository\io\micrometer\micrometer-commons\1.14.5-SNAPSHOT\micrometer-commons-1.14.5-SNAPSHOT.jar;C:\Users\lucas\.m2\repository\org\springframework\spring-webmvc\6.2.4-SNAPSHOT\spring-webmvc-6.2.4-SNAPSHOT.jar;C:\Users\lucas\.m2\repository\org\springframework\spring-aop\6.2.4-SNAPSHOT\spring-aop-6.2.4-SNAPSHOT.jar;C:\Users\lucas\.m2\repository\org\springframework\spring-context\6.2.4-SNAPSHOT\spring-context-6.2.4-SNAPSHOT.jar;C:\Users\lucas\.m2\repository\org\springframework\spring-expression\6.2.4-SNAPSHOT\spring-expression-6.2.4-SNAPSHOT.jar;C:\Users\lucas\.m2\repository\org\springframework\boot\spring-boot-starter-data-jpa\3.4.4-SNAPSHOT\spring-boot-starter-data-jpa-3.4.4-SNAPSHOT.jar;C:\Users\lucas\.m2\repository\org\springframework\boot\spring-boot-starter-jdbc\3.4.4-SNAPSHOT\spring-boot-starter-jdbc-3.4.4-SNAPSHOT.jar;C:\Users\lucas\.m2\repository\com\zaxxer\HikariCP\5.1.0\HikariCP-5.1.0.jar;C:\Users\lucas\.m2\repository\org\springframework\spring-jdbc\6.2.4-SNAPSHOT\spring-jdbc-6.2.4-SNAPSHOT.jar;C:\Users\lucas\.m2\repository\org\hibernate\orm\hibernate-core\6.6.9.Final\hibernate-core-6.6.9.Final.jar;C:\Users\lucas\.m2\repository\jakarta\persistence\jakarta.persistence-api\3.1.0\jakarta.persistence-api-3.1.0.jar;C:\Users\lucas\.m2\repository\jakarta\transaction\jakarta.transaction-api\2.0.1\jakarta.transaction-api-2.0.1.jar;C:\Users\lucas\.m2\repository\org\jboss\logging\jboss-logging\3.6.1.Final\jboss-logging-3.6.1.Final.jar;C:\Users\lucas\.m2\repository\org\hibernate\common\hibernate-commons-annotations\7.0.3.Final\hibernate-commons-annotations-7.0.3.Final.jar;C:\Users\lucas\.m2\repository\io\smallrye\jandex\3.2.0\jandex-3.2.0.jar;C:\Users\lucas\.m2\repository\com\fasterxml\classmate\1.7.0\classmate-1.7.0.jar;C:\Users\lucas\.m2\repository\net\bytebuddy\byte-buddy\1.15.11\byte-buddy-1.15.11.jar;C:\Users\lucas\.m2\repository\org\glassfish\jaxb\jaxb-runtime\4.0.5\jaxb-runtime-4.0.5.jar;C:\Users\lucas\.m2\repository\org\glassfish\jaxb\jaxb-core\4.0.5\jaxb-core-4.0.5.jar;C:\Users\lucas\.m2\repository\org\eclipse\angus\angus-activation\2.0.2\angus-activation-2.0.2.jar;C:\Users\lucas\.m2\repository\org\glassfish\jaxb\txw2\4.0.5\txw2-4.0.5.jar;C:\Users\lucas\.m2\repository\com\sun\istack\istack-commons-runtime\4.1.2\istack-commons-runtime-4.1.2.jar;C:\Users\lucas\.m2\repository\jakarta\inject\jakarta.inject-api\2.0.1\jakarta.inject-api-2.0.1.jar;C:\Users\lucas\.m2\repository\org\antlr\antlr4-runtime\4.13.0\antlr4-runtime-4.13.0.jar;C:\Users\lucas\.m2\repository\org\springframework\data\spring-data-jpa\3.4.4-SNAPSHOT\spring-data-jpa-3.4.4-SNAPSHOT.jar;C:\Users\lucas\.m2\repository\org\springframework\data\spring-data-commons\3.4.4-SNAPSHOT\spring-data-commons-3.4.4-SNAPSHOT.jar;C:\Users\lucas\.m2\repository\org\springframework\spring-orm\6.2.4-SNAPSHOT\spring-orm-6.2.4-SNAPSHOT.jar;C:\Users\lucas\.m2\repository\org\springframework\spring-tx\6.2.4-SNAPSHOT\spring-tx-6.2.4-SNAPSHOT.jar;C:\Users\lucas\.m2\repository\org\slf4j\slf4j-api\2.0.17\slf4j-api-2.0.17.jar;C:\Users\lucas\.m2\repository\org\springframework\spring-aspects\6.2.4-SNAPSHOT\spring-aspects-6.2.4-SNAPSHOT.jar;C:\Users\lucas\.m2\repository\org\aspectj\aspectjweaver\1.9.22.1\aspectjweaver-1.9.22.1.jar;C:\Users\lucas\.m2\repository\org\springframework\boot\spring-boot-starter-thymeleaf\3.4.4-SNAPSHOT\spring-boot-starter-thymeleaf-3.4.4-SNAPSHOT.jar;C:\Users\lucas\.m2\repository\org\thymeleaf\thymeleaf-spring6\3.1.3.RELEASE\thymeleaf-spring6-3.1.3.RELEASE.jar;C:\Users\lucas\.m2\repository\org\thymeleaf\thymeleaf\3.1.3.RELEASE\thymeleaf-3.1.3.RELEASE.jar;C:\Users\lucas\.m2\repository\org\attoparser\attoparser\2.0.7.RELEASE\attoparser-2.0.7.RELEASE.jar;C:\Users\lucas\.m2\repository\org\unbescape\unbescape\1.1.6.RELEASE\unbescape-1.1.6.RELEASE.jar;C:\Users\lucas\.m2\repository\mysql\mysql-connector-java\8.0.24\mysql-connector-java-8.0.24.jar;C:\Users\lucas\.m2\repository\com\google\protobuf\protobuf-java\3.11.4\protobuf-java-3.11.4.jar;C:\Users\lucas\.m2\repository\org\springframework\boot\spring-boot-devtools\3.4.4-SNAPSHOT\spring-boot-devtools-3.4.4-SNAPSHOT.jar;C:\Users\lucas\.m2\repository\org\springframework\boot\spring-boot\3.4.4-SNAPSHOT\spring-boot-3.4.4-SNAPSHOT.jar;C:\Users\lucas\.m2\repository\org\springframework\boot\spring-boot-autoconfigure\3.4.4-SNAPSHOT\spring-boot-autoconfigure-3.4.4-SNAPSHOT.jar;C:\Users\lucas\.m2\repository\org\springframework\boot\spring-boot-starter\3.4.4-SNAPSHOT\spring-boot-starter-3.4.4-SNAPSHOT.jar;C:\Users\lucas\.m2\repository\org\springframework\boot\spring-boot-starter-logging\3.4.4-SNAPSHOT\spring-boot-starter-logging-3.4.4-SNAPSHOT.jar;C:\Users\lucas\.m2\repository\ch\qos\logback\logback-classic\1.5.17\logback-classic-1.5.17.jar;C:\Users\lucas\.m2\repository\ch\qos\logback\logback-core\1.5.17\logback-core-1.5.17.jar;C:\Users\lucas\.m2\repository\org\apache\logging\log4j\log4j-to-slf4j\2.24.3\log4j-to-slf4j-2.24.3.jar;C:\Users\lucas\.m2\repository\org\apache\logging\log4j\log4j-api\2.24.3\log4j-api-2.24.3.jar;C:\Users\lucas\.m2\repository\org\slf4j\jul-to-slf4j\2.0.17\jul-to-slf4j-2.0.17.jar;C:\Users\lucas\.m2\repository\jakarta\annotation\jakarta.annotation-api\2.1.1\jakarta.annotation-api-2.1.1.jar;C:\Users\lucas\.m2\repository\org\springframework\spring-core\6.2.4-SNAPSHOT\spring-core-6.2.4-SNAPSHOT.jar;C:\Users\lucas\.m2\repository\org\springframework\spring-jcl\6.2.4-SNAPSHOT\spring-jcl-6.2.4-SNAPSHOT.jar;C:\Users\lucas\.m2\repository\org\yaml\snakeyaml\2.3\snakeyaml-2.3.jar;C:\Users\lucas\.m2\repository\org\springframework\boot\spring-boot-starter-test\3.4.4-SNAPSHOT\spring-boot-starter-test-3.4.4-SNAPSHOT.jar;C:\Users\lucas\.m2\repository\org\springframework\boot\spring-boot-test\3.4.4-SNAPSHOT\spring-boot-test-3.4.4-SNAPSHOT.jar;C:\Users\lucas\.m2\repository\org\springframework\boot\spring-boot-test-autoconfigure\3.4.4-SNAPSHOT\spring-boot-test-autoconfigure-3.4.4-SNAPSHOT.jar;C:\Users\lucas\.m2\repository\com\jayway\jsonpath\json-path\2.9.0\json-path-2.9.0.jar;C:\Users\lucas\.m2\repository\jakarta\xml\bind\jakarta.xml.bind-api\4.0.2\jakarta.xml.bind-api-4.0.2.jar;C:\Users\lucas\.m2\repository\jakarta\activation\jakarta.activation-api\2.1.3\jakarta.activation-api-2.1.3.jar;C:\Users\lucas\.m2\repository\net\minidev\json-smart\2.5.2\json-smart-2.5.2.jar;C:\Users\lucas\.m2\repository\net\minidev\accessors-smart\2.5.2\accessors-smart-2.5.2.jar;C:\Users\lucas\.m2\repository\org\ow2\asm\asm\9.7.1\asm-9.7.1.jar;C:\Users\lucas\.m2\repository\org\assertj\assertj-core\3.26.3\assertj-core-3.26.3.jar;C:\Users\lucas\.m2\repository\org\awaitility\awaitility\4.2.2\awaitility-4.2.2.jar;C:\Users\lucas\.m2\repository\org\hamcrest\hamcrest\2.2\hamcrest-2.2.jar;C:\Users\lucas\.m2\repository\org\junit\jupiter\junit-jupiter\5.11.4\junit-jupiter-5.11.4.jar;C:\Users\lucas\.m2\repository\org\junit\jupiter\junit-jupiter-api\5.11.4\junit-jupiter-api-5.11.4.jar;C:\Users\lucas\.m2\repository\org\opentest4j\opentest4j\1.3.0\opentest4j-1.3.0.jar;C:\Users\lucas\.m2\repository\org\junit\platform\junit-platform-commons\1.11.4\junit-platform-commons-1.11.4.jar;C:\Users\lucas\.m2\repository\org\apiguardian\apiguardian-api\1.1.2\apiguardian-api-1.1.2.jar;C:\Users\lucas\.m2\repository\org\junit\jupiter\junit-jupiter-params\5.11.4\junit-jupiter-params-5.11.4.jar;C:\Users\lucas\.m2\repository\org\junit\jupiter\junit-jupiter-engine\5.11.4\junit-jupiter-engine-5.11.4.jar;C:\Users\lucas\.m2\repository\org\junit\platform\junit-platform-engine\1.11.4\junit-platform-engine-1.11.4.jar;C:\Users\lucas\.m2\repository\org\mockito\mockito-core\5.14.2\mockito-core-5.14.2.jar;C:\Users\lucas\.m2\repository\net\bytebuddy\byte-buddy-agent\1.15.11\byte-buddy-agent-1.15.11.jar;C:\Users\lucas\.m2\repository\org\objenesis\objenesis\3.3\objenesis-3.3.jar;C:\Users\lucas\.m2\repository\org\mockito\mockito-junit-jupiter\5.14.2\mockito-junit-jupiter-5.14.2.jar;C:\Users\lucas\.m2\repository\org\skyscreamer\jsonassert\1.5.3\jsonassert-1.5.3.jar;C:\Users\lucas\.m2\repository\com\vaadin\external\google\android-json\0.0.20131108.vaadin1\android-json-0.0.20131108.vaadin1.jar;C:\Users\lucas\.m2\repository\org\springframework\spring-test\6.2.4-SNAPSHOT\spring-test-6.2.4-SNAPSHOT.jar;C:\Users\lucas\.m2\repository\org\xmlunit\xmlunit-core\2.10.0\xmlunit-core-2.10.0.jar;"/>
    <property name="java.vm.vendor" value="Oracle Corporation"/>
    <property name="sun.arch.data.model" value="64"/>
    <property name="user.variant" value=""/>
    <property name="java.vendor.url" value="https://java.oracle.com/"/>
    <property name="user.timezone" value="America/Sao_Paulo"/>
    <property name="org.jboss.logging.provider" value="slf4j"/>
    <property name="os.name" value="Windows 11"/>
    <property name="java.vm.specification.version" value="21"/>
    <property name="APPLICATION_NAME" value="EsteticaAutomotiva"/>
    <property name="sun.java.launcher" value="SUN_STANDARD"/>
    <property name="user.country" value="BR"/>
    <property name="sun.boot.library.path" value="C:\Program Files\Java\jdk-21\bin"/>
    <property name="sun.java.command" value="C:\Users\lucas\AppData\Local\Temp\surefire5895595141596158220\surefirebooter-20250308113724321_3.jar C:\Users\lucas\AppData\Local\Temp\surefire5895595141596158220 2025-03-08T11-37-24_134-jvmRun1 surefire-20250308113724321_1tmp surefire_0-20250308113724321_2tmp"/>
    <property name="jdk.debug" value="release"/>
    <property name="surefire.test.class.path" value="C:\Users\lucas\Desktop\EsteticaProjetoFinal\estetica\target\test-classes;C:\Users\lucas\Desktop\EsteticaProjetoFinal\estetica\target\classes;C:\Users\lucas\.m2\repository\org\springframework\boot\spring-boot-starter-web\3.4.4-SNAPSHOT\spring-boot-starter-web-3.4.4-SNAPSHOT.jar;C:\Users\lucas\.m2\repository\org\springframework\boot\spring-boot-starter-json\3.4.4-SNAPSHOT\spring-boot-starter-json-3.4.4-SNAPSHOT.jar;C:\Users\lucas\.m2\repository\com\fasterxml\jackson\core\jackson-databind\2.18.3\jackson-databind-2.18.3.jar;C:\Users\lucas\.m2\repository\com\fasterxml\jackson\core\jackson-annotations\2.18.3\jackson-annotations-2.18.3.jar;C:\Users\lucas\.m2\repository\com\fasterxml\jackson\core\jackson-core\2.18.3\jackson-core-2.18.3.jar;C:\Users\lucas\.m2\repository\com\fasterxml\jackson\datatype\jackson-datatype-jdk8\2.18.3\jackson-datatype-jdk8-2.18.3.jar;C:\Users\lucas\.m2\repository\com\fasterxml\jackson\datatype\jackson-datatype-jsr310\2.18.3\jackson-datatype-jsr310-2.18.3.jar;C:\Users\lucas\.m2\repository\com\fasterxml\jackson\module\jackson-module-parameter-names\2.18.3\jackson-module-parameter-names-2.18.3.jar;C:\Users\lucas\.m2\repository\org\springframework\boot\spring-boot-starter-tomcat\3.4.4-SNAPSHOT\spring-boot-starter-tomcat-3.4.4-SNAPSHOT.jar;C:\Users\lucas\.m2\repository\org\apache\tomcat\embed\tomcat-embed-core\10.1.36\tomcat-embed-core-10.1.36.jar;C:\Users\lucas\.m2\repository\org\apache\tomcat\embed\tomcat-embed-el\10.1.36\tomcat-embed-el-10.1.36.jar;C:\Users\lucas\.m2\repository\org\apache\tomcat\embed\tomcat-embed-websocket\10.1.36\tomcat-embed-websocket-10.1.36.jar;C:\Users\lucas\.m2\repository\org\springframework\spring-web\6.2.4-SNAPSHOT\spring-web-6.2.4-SNAPSHOT.jar;C:\Users\lucas\.m2\repository\org\springframework\spring-beans\6.2.4-SNAPSHOT\spring-beans-6.2.4-SNAPSHOT.jar;C:\Users\lucas\.m2\repository\io\micrometer\micrometer-observation\1.14.5-SNAPSHOT\micrometer-observation-1.14.5-SNAPSHOT.jar;C:\Users\lucas\.m2\repository\io\micrometer\micrometer-commons\1.14.5-SNAPSHOT\micrometer-commons-1.14.5-SNAPSHOT.jar;C:\Users\lucas\.m2\repository\org\springframework\spring-webmvc\6.2.4-SNAPSHOT\spring-webmvc-6.2.4-SNAPSHOT.jar;C:\Users\lucas\.m2\repository\org\springframework\spring-aop\6.2.4-SNAPSHOT\spring-aop-6.2.4-SNAPSHOT.jar;C:\Users\lucas\.m2\repository\org\springframework\spring-context\6.2.4-SNAPSHOT\spring-context-6.2.4-SNAPSHOT.jar;C:\Users\lucas\.m2\repository\org\springframework\spring-expression\6.2.4-SNAPSHOT\spring-expression-6.2.4-SNAPSHOT.jar;C:\Users\lucas\.m2\repository\org\springframework\boot\spring-boot-starter-data-jpa\3.4.4-SNAPSHOT\spring-boot-starter-data-jpa-3.4.4-SNAPSHOT.jar;C:\Users\lucas\.m2\repository\org\springframework\boot\spring-boot-starter-jdbc\3.4.4-SNAPSHOT\spring-boot-starter-jdbc-3.4.4-SNAPSHOT.jar;C:\Users\lucas\.m2\repository\com\zaxxer\HikariCP\5.1.0\HikariCP-5.1.0.jar;C:\Users\lucas\.m2\repository\org\springframework\spring-jdbc\6.2.4-SNAPSHOT\spring-jdbc-6.2.4-SNAPSHOT.jar;C:\Users\lucas\.m2\repository\org\hibernate\orm\hibernate-core\6.6.9.Final\hibernate-core-6.6.9.Final.jar;C:\Users\lucas\.m2\repository\jakarta\persistence\jakarta.persistence-api\3.1.0\jakarta.persistence-api-3.1.0.jar;C:\Users\lucas\.m2\repository\jakarta\transaction\jakarta.transaction-api\2.0.1\jakarta.transaction-api-2.0.1.jar;C:\Users\lucas\.m2\repository\org\jboss\logging\jboss-logging\3.6.1.Final\jboss-logging-3.6.1.Final.jar;C:\Users\lucas\.m2\repository\org\hibernate\common\hibernate-commons-annotations\7.0.3.Final\hibernate-commons-annotations-7.0.3.Final.jar;C:\Users\lucas\.m2\repository\io\smallrye\jandex\3.2.0\jandex-3.2.0.jar;C:\Users\lucas\.m2\repository\com\fasterxml\classmate\1.7.0\classmate-1.7.0.jar;C:\Users\lucas\.m2\repository\net\bytebuddy\byte-buddy\1.15.11\byte-buddy-1.15.11.jar;C:\Users\lucas\.m2\repository\org\glassfish\jaxb\jaxb-runtime\4.0.5\jaxb-runtime-4.0.5.jar;C:\Users\lucas\.m2\repository\org\glassfish\jaxb\jaxb-core\4.0.5\jaxb-core-4.0.5.jar;C:\Users\lucas\.m2\repository\org\eclipse\angus\angus-activation\2.0.2\angus-activation-2.0.2.jar;C:\Users\lucas\.m2\repository\org\glassfish\jaxb\txw2\4.0.5\txw2-4.0.5.jar;C:\Users\lucas\.m2\repository\com\sun\istack\istack-commons-runtime\4.1.2\istack-commons-runtime-4.1.2.jar;C:\Users\lucas\.m2\repository\jakarta\inject\jakarta.inject-api\2.0.1\jakarta.inject-api-2.0.1.jar;C:\Users\lucas\.m2\repository\org\antlr\antlr4-runtime\4.13.0\antlr4-runtime-4.13.0.jar;C:\Users\lucas\.m2\repository\org\springframework\data\spring-data-jpa\3.4.4-SNAPSHOT\spring-data-jpa-3.4.4-SNAPSHOT.jar;C:\Users\lucas\.m2\repository\org\springframework\data\spring-data-commons\3.4.4-SNAPSHOT\spring-data-commons-3.4.4-SNAPSHOT.jar;C:\Users\lucas\.m2\repository\org\springframework\spring-orm\6.2.4-SNAPSHOT\spring-orm-6.2.4-SNAPSHOT.jar;C:\Users\lucas\.m2\repository\org\springframework\spring-tx\6.2.4-SNAPSHOT\spring-tx-6.2.4-SNAPSHOT.jar;C:\Users\lucas\.m2\repository\org\slf4j\slf4j-api\2.0.17\slf4j-api-2.0.17.jar;C:\Users\lucas\.m2\repository\org\springframework\spring-aspects\6.2.4-SNAPSHOT\spring-aspects-6.2.4-SNAPSHOT.jar;C:\Users\lucas\.m2\repository\org\aspectj\aspectjweaver\1.9.22.1\aspectjweaver-1.9.22.1.jar;C:\Users\lucas\.m2\repository\org\springframework\boot\spring-boot-starter-thymeleaf\3.4.4-SNAPSHOT\spring-boot-starter-thymeleaf-3.4.4-SNAPSHOT.jar;C:\Users\lucas\.m2\repository\org\thymeleaf\thymeleaf-spring6\3.1.3.RELEASE\thymeleaf-spring6-3.1.3.RELEASE.jar;C:\Users\lucas\.m2\repository\org\thymeleaf\thymeleaf\3.1.3.RELEASE\thymeleaf-3.1.3.RELEASE.jar;C:\Users\lucas\.m2\repository\org\attoparser\attoparser\2.0.7.RELEASE\attoparser-2.0.7.RELEASE.jar;C:\Users\lucas\.m2\repository\org\unbescape\unbescape\1.1.6.RELEASE\unbescape-1.1.6.RELEASE.jar;C:\Users\lucas\.m2\repository\mysql\mysql-connector-java\8.0.24\mysql-connector-java-8.0.24.jar;C:\Users\lucas\.m2\repository\com\google\protobuf\protobuf-java\3.11.4\protobuf-java-3.11.4.jar;C:\Users\lucas\.m2\repository\org\springframework\boot\spring-boot-devtools\3.4.4-SNAPSHOT\spring-boot-devtools-3.4.4-SNAPSHOT.jar;C:\Users\lucas\.m2\repository\org\springframework\boot\spring-boot\3.4.4-SNAPSHOT\spring-boot-3.4.4-SNAPSHOT.jar;C:\Users\lucas\.m2\repository\org\springframework\boot\spring-boot-autoconfigure\3.4.4-SNAPSHOT\spring-boot-autoconfigure-3.4.4-SNAPSHOT.jar;C:\Users\lucas\.m2\repository\org\springframework\boot\spring-boot-starter\3.4.4-SNAPSHOT\spring-boot-starter-3.4.4-SNAPSHOT.jar;C:\Users\lucas\.m2\repository\org\springframework\boot\spring-boot-starter-logging\3.4.4-SNAPSHOT\spring-boot-starter-logging-3.4.4-SNAPSHOT.jar;C:\Users\lucas\.m2\repository\ch\qos\logback\logback-classic\1.5.17\logback-classic-1.5.17.jar;C:\Users\lucas\.m2\repository\ch\qos\logback\logback-core\1.5.17\logback-core-1.5.17.jar;C:\Users\lucas\.m2\repository\org\apache\logging\log4j\log4j-to-slf4j\2.24.3\log4j-to-slf4j-2.24.3.jar;C:\Users\lucas\.m2\repository\org\apache\logging\log4j\log4j-api\2.24.3\log4j-api-2.24.3.jar;C:\Users\lucas\.m2\repository\org\slf4j\jul-to-slf4j\2.0.17\jul-to-slf4j-2.0.17.jar;C:\Users\lucas\.m2\repository\jakarta\annotation\jakarta.annotation-api\2.1.1\jakarta.annotation-api-2.1.1.jar;C:\Users\lucas\.m2\repository\org\springframework\spring-core\6.2.4-SNAPSHOT\spring-core-6.2.4-SNAPSHOT.jar;C:\Users\lucas\.m2\repository\org\springframework\spring-jcl\6.2.4-SNAPSHOT\spring-jcl-6.2.4-SNAPSHOT.jar;C:\Users\lucas\.m2\repository\org\yaml\snakeyaml\2.3\snakeyaml-2.3.jar;C:\Users\lucas\.m2\repository\org\springframework\boot\spring-boot-starter-test\3.4.4-SNAPSHOT\spring-boot-starter-test-3.4.4-SNAPSHOT.jar;C:\Users\lucas\.m2\repository\org\springframework\boot\spring-boot-test\3.4.4-SNAPSHOT\spring-boot-test-3.4.4-SNAPSHOT.jar;C:\Users\lucas\.m2\repository\org\springframework\boot\spring-boot-test-autoconfigure\3.4.4-SNAPSHOT\spring-boot-test-autoconfigure-3.4.4-SNAPSHOT.jar;C:\Users\lucas\.m2\repository\com\jayway\jsonpath\json-path\2.9.0\json-path-2.9.0.jar;C:\Users\lucas\.m2\repository\jakarta\xml\bind\jakarta.xml.bind-api\4.0.2\jakarta.xml.bind-api-4.0.2.jar;C:\Users\lucas\.m2\repository\jakarta\activation\jakarta.activation-api\2.1.3\jakarta.activation-api-2.1.3.jar;C:\Users\lucas\.m2\repository\net\minidev\json-smart\2.5.2\json-smart-2.5.2.jar;C:\Users\lucas\.m2\repository\net\minidev\accessors-smart\2.5.2\accessors-smart-2.5.2.jar;C:\Users\lucas\.m2\repository\org\ow2\asm\asm\9.7.1\asm-9.7.1.jar;C:\Users\lucas\.m2\repository\org\assertj\assertj-core\3.26.3\assertj-core-3.26.3.jar;C:\Users\lucas\.m2\repository\org\awaitility\awaitility\4.2.2\awaitility-4.2.2.jar;C:\Users\lucas\.m2\repository\org\hamcrest\hamcrest\2.2\hamcrest-2.2.jar;C:\Users\lucas\.m2\repository\org\junit\jupiter\junit-jupiter\5.11.4\junit-jupiter-5.11.4.jar;C:\Users\lucas\.m2\repository\org\junit\jupiter\junit-jupiter-api\5.11.4\junit-jupiter-api-5.11.4.jar;C:\Users\lucas\.m2\repository\org\opentest4j\opentest4j\1.3.0\opentest4j-1.3.0.jar;C:\Users\lucas\.m2\repository\org\junit\platform\junit-platform-commons\1.11.4\junit-platform-commons-1.11.4.jar;C:\Users\lucas\.m2\repository\org\apiguardian\apiguardian-api\1.1.2\apiguardian-api-1.1.2.jar;C:\Users\lucas\.m2\repository\org\junit\jupiter\junit-jupiter-params\5.11.4\junit-jupiter-params-5.11.4.jar;C:\Users\lucas\.m2\repository\org\junit\jupiter\junit-jupiter-engine\5.11.4\junit-jupiter-engine-5.11.4.jar;C:\Users\lucas\.m2\repository\org\junit\platform\junit-platform-engine\1.11.4\junit-platform-engine-1.11.4.jar;C:\Users\lucas\.m2\repository\org\mockito\mockito-core\5.14.2\mockito-core-5.14.2.jar;C:\Users\lucas\.m2\repository\net\bytebuddy\byte-buddy-agent\1.15.11\byte-buddy-agent-1.15.11.jar;C:\Users\lucas\.m2\repository\org\objenesis\objenesis\3.3\objenesis-3.3.jar;C:\Users\lucas\.m2\repository\org\mockito\mockito-junit-jupiter\5.14.2\mockito-junit-jupiter-5.14.2.jar;C:\Users\lucas\.m2\repository\org\skyscreamer\jsonassert\1.5.3\jsonassert-1.5.3.jar;C:\Users\lucas\.m2\repository\com\vaadin\external\google\android-json\0.0.20131108.vaadin1\android-json-0.0.20131108.vaadin1.jar;C:\Users\lucas\.m2\repository\org\springframework\spring-test\6.2.4-SNAPSHOT\spring-test-6.2.4-SNAPSHOT.jar;C:\Users\lucas\.m2\repository\org\xmlunit\xmlunit-core\2.10.0\xmlunit-core-2.10.0.jar;"/>
    <property name="sun.cpu.endian" value="little"/>
    <property name="user.home" value="C:\Users\lucas"/>
    <property name="user.language" value="pt"/>
    <property name="java.specification.vendor" value="Oracle Corporation"/>
    <property name="java.version.date" value="2024-10-15"/>
    <property name="java.home" value="C:\Program Files\Java\jdk-21"/>
    <property name="file.separator" value="\"/>
    <property name="basedir" value="C:\Users\lucas\Desktop\EsteticaProjetoFinal\estetica"/>
    <property name="java.vm.compressedOopsMode" value="32-bit"/>
    <property name="line.separator" value="&#10;"/>
    <property name="java.vm.specification.vendor" value="Oracle Corporation"/>
    <property name="java.specification.name" value="Java Platform API Specification"/>
    <property name="FILE_LOG_CHARSET" value="UTF-8"/>
    <property name="java.awt.headless" value="true"/>
    <property name="surefire.real.class.path" value="C:\Users\lucas\AppData\Local\Temp\surefire5895595141596158220\surefirebooter-20250308113724321_3.jar"/>
    <property name="user.script" value=""/>
    <property name="sun.management.compiler" value="HotSpot 64-Bit Tiered Compilers"/>
    <property name="java.runtime.version" value="21.0.5+9-LTS-239"/>
    <property name="user.name" value="lucas"/>
    <property name="stdout.encoding" value="Cp1252"/>
    <property name="path.separator" value=";"/>
    <property name="os.version" value="10.0"/>
    <property name="java.runtime.name" value="Java(TM) SE Runtime Environment"/>
    <property name="file.encoding" value="UTF-8"/>
    <property name="java.vm.name" value="Java HotSpot(TM) 64-Bit Server VM"/>
    <property name="localRepository" value="C:\Users\lucas\.m2\repository"/>
    <property name="java.vendor.url.bug" value="https://bugreport.java.com/bugreport/"/>
    <property name="java.io.tmpdir" value="C:\Users\lucas\AppData\Local\Temp\"/>
    <property name="com.zaxxer.hikari.pool_number" value="1"/>
    <property name="java.version" value="21.0.5"/>
    <property name="user.dir" value="C:\Users\lucas\Desktop\EsteticaProjetoFinal\estetica"/>
    <property name="os.arch" value="amd64"/>
    <property name="java.vm.specification.name" value="Java Virtual Machine Specification"/>
    <property name="PID" value="4320"/>
    <property name="sun.os.patch.level" value=""/>
    <property name="CONSOLE_LOG_CHARSET" value="UTF-8"/>
    <property name="native.encoding" value="Cp1252"/>
    <property name="java.library.path" value="C:\Program Files\Java\jdk-21\bin;C:\Windows\Sun\Java\bin;C:\Windows\system32;C:\Windows;C:\Windows\system32;C:\Windows;C:\Windows\System32\Wbem;C:\Windows\System32\WindowsPowerShell\v1.0\;C:\Windows\System32\OpenSSH\;C:\Program Files\Git\cmd;C:\Users\lucas\Desktop\Maven\apache-maven-3.9.9\bin\bin.;C:\Users\lucas\Desktop\Maven\apache-maven-3.9.9\bin;C:\Program Files\Docker\Docker\resources\bin;C:\Program Files\MySQL\MySQL Server 8.0\bin;C:\Program Files\Java\jdk-21\bin;C:\ProgramFiles\Java\jdk-21;C:\Users\lucas\AppData\Local\Programs\Python\Python312\;C:\Users\lucas\AppData\Local\Microsoft\WindowsApps;C:\Users\lucas\AppData\Local\GitHubDesktop\bin;C:\Users\lucas\AppData\Local\Programs\Microsoft VS Code\bin;C:\Users\lucas\AppData\Roaming\npm;."/>
    <property name="java.vm.info" value="mixed mode, sharing"/>
    <property name="stderr.encoding" value="Cp1252"/>
    <property name="java.vendor" value="Oracle Corporation"/>
    <property name="java.vm.version" value="21.0.5+9-LTS-239"/>
    <property name="sun.io.unicode.encoding" value="UnicodeLittle"/>
    <property name="java.class.version" value="65.0"/>
    <property name="LOGGED_APPLICATION_NAME" value="[EsteticaAutomotiva] "/>
  </properties>
  <testcase name="contextLoads" classname="com.erp.estetica.EsteticaAutomotivaApplicationTests" time="0.628">
    <system-out><![CDATA[11:37:25.359 [main] INFO org.springframework.test.context.support.AnnotationConfigContextLoaderUtils -- Could not detect default configuration classes for test class [com.erp.estetica.EsteticaAutomotivaApplicationTests]: EsteticaAutomotivaApplicationTests does not declare any static, non-private, non-final, nested classes annotated with @Configuration.
11:37:25.515 [main] INFO org.springframework.boot.test.context.SpringBootTestContextBootstrapper -- Found @SpringBootConfiguration com.erp.estetica.EsteticaAutomotivaApplication for test class com.erp.estetica.EsteticaAutomotivaApplicationTests
11:37:25.760 [main] INFO org.springframework.boot.devtools.restart.RestartApplicationListener -- Restart disabled due to context in which it is running

  .   ____          _            __ _ _
 /\\ / ___'_ __ _ _(_)_ __  __ _ \ \ \ \
( ( )\___ | '_ | '_| | '_ \/ _` | \ \ \ \
 \\/  ___)| |_)| | | | | || (_| |  ) ) ) )
  '  |____| .__|_| |_|_| |_\__, | / / / /
 =========|_|==============|___/=/_/_/_/

 :: Spring Boot ::       (v3.4.4-SNAPSHOT)

2025-03-08T11:37:26.130-03:00  INFO 4320 --- [EsteticaAutomotiva] [           main] c.e.e.EsteticaAutomotivaApplicationTests : Starting EsteticaAutomotivaApplicationTests using Java 21.0.5 with PID 4320 (started by lucas in C:\Users\lucas\Desktop\EsteticaProjetoFinal\estetica)
2025-03-08T11:37:26.130-03:00  INFO 4320 --- [EsteticaAutomotiva] [           main] c.e.e.EsteticaAutomotivaApplicationTests : No active profile set, falling back to 1 default profile: "default"
2025-03-08T11:37:27.041-03:00  INFO 4320 --- [EsteticaAutomotiva] [           main] .s.d.r.c.RepositoryConfigurationDelegate : Bootstrapping Spring Data JPA repositories in DEFAULT mode.
2025-03-08T11:37:27.170-03:00  INFO 4320 --- [EsteticaAutomotiva] [           main] .s.d.r.c.RepositoryConfigurationDelegate : Finished Spring Data repository scanning in 111 ms. Found 6 JPA repository interfaces.
2025-03-08T11:37:27.766-03:00  INFO 4320 --- [EsteticaAutomotiva] [           main] o.hibernate.jpa.internal.util.LogHelper  : HHH000204: Processing PersistenceUnitInfo [name: default]
2025-03-08T11:37:27.844-03:00  INFO 4320 --- [EsteticaAutomotiva] [           main] org.hibernate.Version                    : HHH000412: Hibernate ORM core version 6.6.9.Final
2025-03-08T11:37:27.906-03:00  INFO 4320 --- [EsteticaAutomotiva] [           main] o.h.c.internal.RegionFactoryInitiator    : HHH000026: Second-level cache disabled
2025-03-08T11:37:28.363-03:00  INFO 4320 --- [EsteticaAutomotiva] [           main] o.s.o.j.p.SpringPersistenceUnitInfo      : No LoadTimeWeaver setup: ignoring JPA class transformer
2025-03-08T11:37:28.424-03:00  INFO 4320 --- [EsteticaAutomotiva] [           main] com.zaxxer.hikari.HikariDataSource       : HikariPool-1 - Starting...
2025-03-08T11:37:28.835-03:00  INFO 4320 --- [EsteticaAutomotiva] [           main] com.zaxxer.hikari.pool.HikariPool        : HikariPool-1 - Added connection com.mysql.cj.jdbc.ConnectionImpl@36238b12
2025-03-08T11:37:28.835-03:00  INFO 4320 --- [EsteticaAutomotiva] [           main] com.zaxxer.hikari.HikariDataSource       : HikariPool-1 - Start completed.
2025-03-08T11:37:28.944-03:00  INFO 4320 --- [EsteticaAutomotiva] [           main] org.hibernate.orm.connections.pooling    : HHH10001005: Database info:
	Database JDBC URL [Connecting through datasource 'HikariDataSource (HikariPool-1)']
	Database driver: undefined/unknown
	Database version: 8.0.37
	Autocommit mode: undefined/unknown
	Isolation level: undefined/unknown
	Minimum pool size: undefined/unknown
	Maximum pool size: undefined/unknown
2025-03-08T11:37:30.186-03:00  INFO 4320 --- [EsteticaAutomotiva] [           main] o.h.e.t.j.p.i.JtaPlatformInitiator       : HHH000489: No JTA platform available (set 'hibernate.transaction.jta.platform' to enable JTA platform integration)
2025-03-08T11:37:30.186-03:00  INFO 4320 --- [EsteticaAutomotiva] [           main] j.LocalContainerEntityManagerFactoryBean : Initialized JPA EntityManagerFactory for persistence unit 'default'
2025-03-08T11:37:30.771-03:00  WARN 4320 --- [EsteticaAutomotiva] [           main] JpaBaseConfiguration$JpaWebConfiguration : spring.jpa.open-in-view is enabled by default. Therefore, database queries may be performed during view rendering. Explicitly configure spring.jpa.open-in-view to disable this warning
2025-03-08T11:37:30.802-03:00  INFO 4320 --- [EsteticaAutomotiva] [           main] o.s.b.a.w.s.WelcomePageHandlerMapping    : Adding welcome page template: index
2025-03-08T11:37:31.306-03:00  INFO 4320 --- [EsteticaAutomotiva] [           main] c.e.e.EsteticaAutomotivaApplicationTests : Started EsteticaAutomotivaApplicationTests in 5.561 seconds (process running for 6.846)
]]></system-out>
    <system-err><![CDATA[Mockito is currently self-attaching to enable the inline-mock-maker. This will no longer work in future releases of the JDK. Please add Mockito as an agent to your build what is described in Mockito's documentation: https://javadoc.io/doc/org.mockito/mockito-core/latest/org/mockito/Mockito.html#0.3
WARNING: A Java agent has been loaded dynamically (C:\Users\lucas\.m2\repository\net\bytebuddy\byte-buddy-agent\1.15.11\byte-buddy-agent-1.15.11.jar)
WARNING: If a serviceability tool is in use, please run with -XX:+EnableDynamicAgentLoading to hide this warning
WARNING: If a serviceability tool is not in use, please run with -Djdk.instrument.traceUsage for more information
WARNING: Dynamic loading of agents will be disallowed by default in a future release
]]></system-err>
  </testcase>
</testsuite>